<?xml version="1.0" encoding="UTF-8"?>
<!-- Generated by org.testng.reporters.JUnitXMLReporter -->
<testsuite ignored="0" hostname="DESKTOP-MO03QBL" failures="0" tests="5" name="ChromeTest" time="59.553" errors="0" timestamp="2023-08-08T14:41:20 IST">
  <testcase classname="testCases.TC_001_getfreedemo_page" name="getfreedemo_user_page" time="1.768"/>
  <testcase classname="testCases.TC_002_SignIn_page" name="page_SignIn" time="2.628"/>
  <testcase classname="testCases.TC_003_Login_Logout" name="page_Logoutbtn" time="6.471"/>
  <testcase classname="testCases.TC_004_AddNewUser" name="addNewUser_Infoundry" time="14.747"/>
  <testcase classname="testCases.TC_005_AddNewOrder" name="addNewOrder_InFoundry" time="13.069"/>
</testsuite> <!-- ChromeTest -->
