<?xml version="1.0" encoding="UTF-8"?>
<!-- Generated by org.testng.reporters.JUnitXMLReporter -->
<testsuite ignored="0" hostname="DESKTOP-MO03QBL" failures="0" tests="3" name="EdgeTest" time="33.419" errors="0" timestamp="2023-08-03T15:47:19 IST">
  <testcase classname="testCases.TC_001_getfreedemo_page" name="getfreedemo_user_page" time="2.169"/>
  <testcase classname="testCases.TC_002_SignIn_page" name="page_SignIn" time="4.465"/>
  <testcase classname="testCases.TC_003_Login_Logout" name="page_Logoutbtn" time="7.139"/>
</testsuite> <!-- EdgeTest -->
