<?xml version="1.0" encoding="UTF-8"?>
<!-- Generated by org.testng.reporters.JUnitXMLReporter -->
<testsuite ignored="0" hostname="DESKTOP-MO03QBL" failures="0" tests="4" name="FirefoxTest" time="110.312" errors="0" timestamp="2023-08-29T09:41:17 IST">
  <testcase classname="testCases.TC_015_AddBrandCollection" name="addNewBrandCollection" time="2.577"/>
  <testcase classname="testCases.TC_014_AddCollectionWithSubCollection" name="addNewCollectionWith_SubCollection" time="1.078"/>
  <testcase classname="testCases.TC_013_AddNewCustomCollection" name="addNewCollection_InFoundry" time="22.994"/>
  <testcase classname="testCases.TC_001_getfreedemo_page" name="getfreedemo_user_page" time="0.0">
    <skipped/>
  </testcase> <!-- getfreedemo_user_page -->
</testsuite> <!-- FirefoxTest -->
