<?xml version="1.0" encoding="UTF-8"?>
<!-- Generated by org.testng.reporters.JUnitXMLReporter -->
<testsuite ignored="0" hostname="DESKTOP-MO03QBL" failures="0" tests="3" name="SafariTest" time="0.072" errors="0" timestamp="2023-08-03T12:51:38 IST">
  <testcase classname="testCases.TC_001_getfreedemo_page" name="getfreedemo_user_page" time="0.0">
    <skipped/>
  </testcase> <!-- getfreedemo_user_page -->
  <testcase classname="testCases.TC_002_SignIn_page" name="page_SignIn" time="0.0">
    <skipped/>
  </testcase> <!-- page_SignIn -->
  <testcase classname="testCases.TC_003_Login_Logout" name="page_Logoutbtn" time="0.0">
    <skipped/>
  </testcase> <!-- page_Logoutbtn -->
</testsuite> <!-- SafariTest -->
