<?xml version="1.0" encoding="UTF-8"?>
<!-- Generated by org.testng.reporters.JUnitXMLReporter -->
<testsuite ignored="0" hostname="DESKTOP-MO03QBL" failures="0" tests="1" name="Test" time="6.775" errors="0" timestamp="2023-08-06T22:49:06 IST">
  <testcase classname="testCases.TC_004_AddNewUser" name="@BeforeMethod signInBeforeTest" time="0.059">
    <failure type="java.lang.NullPointerException" message="Cannot invoke &amp;quot;org.apache.logging.log4j.Logger.info(String)&amp;quot; because &amp;quot;this.logger&amp;quot; is null">
      <![CDATA[java.lang.NullPointerException: Cannot invoke "org.apache.logging.log4j.Logger.info(String)" because "this.logger" is null
at testCases.TC_002_SignIn_page.page_SignIn(TC_002_SignIn_page.java:19)
at testCases.TC_004_AddNewUser.signInBeforeTest(TC_004_AddNewUser.java:24)
at java.base/java.util.ArrayList.forEach(ArrayList.java:1511)
... Removed 31 stack frames]]>
    </failure>
  </testcase> <!-- @BeforeMethod signInBeforeTest -->
  <testcase classname="testBase.BaseClass" name="@AfterClass tearDown" time="0.0">
    <skipped/>
  </testcase> <!-- @AfterClass tearDown -->
  <testcase classname="testCases.TC_004_AddNewUser" name="addNewUser_Infoundry" time="0.001">
    <skipped/>
  </testcase> <!-- addNewUser_Infoundry -->
</testsuite> <!-- Test -->
