<?xml version="1.0" encoding="UTF-8"?>
<!-- Generated by org.testng.reporters.JUnitXMLReporter -->
<testsuite ignored="0" hostname="DESKTOP-MO03QBL" failures="2" tests="6" name="Test" time="98.498" errors="0" timestamp="2023-08-11T15:53:10 IST">
  <testcase classname="testCases.TC_003_Login_Logout" name="page_Logoutbtn" time="5.568">
    <failure type="java.lang.AssertionError" message="Invalid &amp;apos;exp&amp;apos; value: valid">
      <![CDATA[java.lang.AssertionError: Invalid 'exp' value: valid
at testCases.TC_003_Login_Logout.page_Logoutbtn(TC_003_Login_Logout.java:57)
at java.base/java.util.ArrayList.forEach(ArrayList.java:1511)
... Removed 28 stack frames]]>
    </failure>
  </testcase> <!-- page_Logoutbtn -->
  <testcase classname="testCases.TC_003_Login_Logout" name="page_Logoutbtn" time="20.762"/>
  <testcase classname="testCases.TC_003_Login_Logout" name="page_Logoutbtn" time="20.775"/>
  <testcase classname="testCases.TC_003_Login_Logout" name="page_Logoutbtn" time="1.553">
    <failure type="java.lang.AssertionError" message="Invalid &amp;apos;exp&amp;apos; value: valid">
      <![CDATA[java.lang.AssertionError: Invalid 'exp' value: valid
at testCases.TC_003_Login_Logout.page_Logoutbtn(TC_003_Login_Logout.java:57)
at java.base/java.util.ArrayList.forEach(ArrayList.java:1511)
... Removed 28 stack frames]]>
    </failure>
  </testcase> <!-- page_Logoutbtn -->
  <testcase classname="testCases.TC_003_Login_Logout" name="page_Logoutbtn" time="20.645"/>
  <testcase classname="testCases.TC_003_Login_Logout" name="page_Logoutbtn" time="20.645"/>
</testsuite> <!-- Test -->
