<?xml version="1.0" encoding="UTF-8"?>
<testng-results ignored="0" total="1" passed="1" failed="0" skipped="0">
  <reporter-output>
  </reporter-output>
  <suite started-at="2023-08-29T15:53:04 IST" name="Suite" finished-at="2023-08-29T15:53:44 IST" duration-ms="40258">
    <groups>
    </groups>
    <test started-at="2023-08-29T15:53:04 IST" name="Test" finished-at="2023-08-29T15:53:44 IST" duration-ms="40258">
      <class name="testCases.TC_015_AddBrandCollection">
        <test-method is-config="true" signature="setup(java.lang.String)[pri:0, instance:testCases.TC_015_AddBrandCollection@c267ef4]" started-at="2023-08-29T15:53:05 IST" name="setup" finished-at="2023-08-29T15:53:13 IST" duration-ms="7899" status="PASS">
          <params>
            <param index="0">
              <value>
                <![CDATA[chrome]]>
              </value>
            </param>
          </params>
          <reporter-output>
          </reporter-output>
        </test-method> <!-- setup -->
        <test-method signature="addNewBrandCollection()[pri:0, instance:testCases.TC_015_AddBrandCollection@c267ef4]" started-at="2023-08-29T15:53:13 IST" name="addNewBrandCollection" finished-at="2023-08-29T15:53:44 IST" duration-ms="31184" status="PASS">
          <reporter-output>
          </reporter-output>
        </test-method> <!-- addNewBrandCollection -->
        <test-method is-config="true" signature="tearDown()[pri:0, instance:testCases.TC_015_AddBrandCollection@c267ef4]" started-at="2023-08-29T15:53:44 IST" name="tearDown" finished-at="2023-08-29T15:53:44 IST" duration-ms="425" status="PASS">
          <reporter-output>
          </reporter-output>
        </test-method> <!-- tearDown -->
      </class> <!-- testCases.TC_015_AddBrandCollection -->
    </test> <!-- Test -->
  </suite> <!-- Suite -->
</testng-results>
