<?xml version="1.0" encoding="UTF-8"?>
<testng-results ignored="0" total="1" passed="1" failed="0" skipped="0">
  <reporter-output>
  </reporter-output>
  <suite started-at="2023-08-09T15:10:40 IST" name="Suite" finished-at="2023-08-09T15:11:03 IST" duration-ms="23650">
    <groups>
    </groups>
    <test started-at="2023-08-09T15:10:40 IST" name="Test" finished-at="2023-08-09T15:11:03 IST" duration-ms="23650">
      <class name="testCases.TC_006_AddNewProduct">
        <test-method is-config="true" signature="setup(java.lang.String)[pri:0, instance:testCases.TC_006_AddNewProduct@45d84a20]" started-at="2023-08-09T15:10:40 IST" name="setup" finished-at="2023-08-09T15:10:46 IST" duration-ms="6507" status="PASS">
          <params>
            <param index="0">
              <value>
                <![CDATA[chrome]]>
              </value>
            </param>
          </params>
          <reporter-output>
          </reporter-output>
        </test-method> <!-- setup -->
        <test-method signature="addNewProduct_InFoundry()[pri:0, instance:testCases.TC_006_AddNewProduct@45d84a20]" started-at="2023-08-09T15:10:47 IST" name="addNewProduct_InFoundry" finished-at="2023-08-09T15:11:02 IST" duration-ms="15545" status="PASS">
          <reporter-output>
          </reporter-output>
        </test-method> <!-- addNewProduct_InFoundry -->
        <test-method is-config="true" signature="tearDown()[pri:0, instance:testCases.TC_006_AddNewProduct@45d84a20]" started-at="2023-08-09T15:11:02 IST" name="tearDown" finished-at="2023-08-09T15:11:03 IST" duration-ms="1145" status="PASS">
          <reporter-output>
          </reporter-output>
        </test-method> <!-- tearDown -->
      </class> <!-- testCases.TC_006_AddNewProduct -->
    </test> <!-- Test -->
  </suite> <!-- Suite -->
</testng-results>
