<?xml version="1.0" encoding="UTF-8"?>
<testng-results ignored="0" total="1" passed="1" failed="0" skipped="0">
  <reporter-output>
  </reporter-output>
  <suite started-at="2023-09-05T14:10:17 IST" name="Suite" finished-at="2023-09-05T14:11:23 IST" duration-ms="66112">
    <groups>
    </groups>
    <test started-at="2023-09-05T14:10:17 IST" name="Test" finished-at="2023-09-05T14:11:23 IST" duration-ms="66112">
      <class name="testCases.TC_020_add_virtual_product">
        <test-method is-config="true" signature="setup(java.lang.String)[pri:0, instance:testCases.TC_020_add_virtual_product@53fd0d10]" started-at="2023-09-05T14:10:18 IST" name="setup" finished-at="2023-09-05T14:10:23 IST" duration-ms="5735" status="PASS">
          <params>
            <param index="0">
              <value>
                <![CDATA[chrome]]>
              </value>
            </param>
          </params>
          <reporter-output>
          </reporter-output>
        </test-method> <!-- setup -->
        <test-method signature="addVirtualProduct()[pri:20, instance:testCases.TC_020_add_virtual_product@53fd0d10]" started-at="2023-09-05T14:10:23 IST" name="addVirtualProduct" finished-at="2023-09-05T14:11:23 IST" duration-ms="59725" status="PASS">
          <reporter-output>
          </reporter-output>
        </test-method> <!-- addVirtualProduct -->
        <test-method is-config="true" signature="tearDown()[pri:0, instance:testCases.TC_020_add_virtual_product@53fd0d10]" started-at="2023-09-05T14:11:23 IST" name="tearDown" finished-at="2023-09-05T14:11:23 IST" duration-ms="181" status="PASS">
          <reporter-output>
          </reporter-output>
        </test-method> <!-- tearDown -->
      </class> <!-- testCases.TC_020_add_virtual_product -->
    </test> <!-- Test -->
  </suite> <!-- Suite -->
</testng-results>
